  源.cpp
e:\github\proj\opengl-objloader\大作业 粒子系统\pouring water\consoleapplication1\consoleapplication1\源.cpp(44): warning C4838: 从“double”转换到“const float”需要收缩转换
e:\github\proj\opengl-objloader\大作业 粒子系统\pouring water\consoleapplication1\consoleapplication1\源.cpp(281): warning C4838: 从“double”转换到“GLfloat”需要收缩转换
OpenMeshCored.lib(BinaryHelper.obj) : warning LNK4099: 未找到 PDB“OpenMeshCore.pdb”(使用“OpenMeshCored.lib(BinaryHelper.obj)”或在“E:\GitHub\proj\opengl-objLoader\大作业 粒子系统\pouring water\ConsoleApplication1\Debug\OpenMeshCore.pdb”中寻找)；正在链接对象，如同没有调试信息一样
OpenMeshCored.lib(IOManager.obj) : warning LNK4099: 未找到 PDB“OpenMeshCore.pdb”(使用“OpenMeshCored.lib(IOManager.obj)”或在“E:\GitHub\proj\opengl-objLoader\大作业 粒子系统\pouring water\ConsoleApplication1\Debug\OpenMeshCore.pdb”中寻找)；正在链接对象，如同没有调试信息一样
OpenMeshCored.lib(OMFormat.obj) : warning LNK4099: 未找到 PDB“OpenMeshCore.pdb”(使用“OpenMeshCored.lib(OMFormat.obj)”或在“E:\GitHub\proj\opengl-objLoader\大作业 粒子系统\pouring water\ConsoleApplication1\Debug\OpenMeshCore.pdb”中寻找)；正在链接对象，如同没有调试信息一样
OpenMeshCored.lib(BaseReader.obj) : warning LNK4099: 未找到 PDB“OpenMeshCore.pdb”(使用“OpenMeshCored.lib(BaseReader.obj)”或在“E:\GitHub\proj\opengl-objLoader\大作业 粒子系统\pouring water\ConsoleApplication1\Debug\OpenMeshCore.pdb”中寻找)；正在链接对象，如同没有调试信息一样
OpenMeshCored.lib(OBJReader.obj) : warning LNK4099: 未找到 PDB“OpenMeshCore.pdb”(使用“OpenMeshCored.lib(OBJReader.obj)”或在“E:\GitHub\proj\opengl-objLoader\大作业 粒子系统\pouring water\ConsoleApplication1\Debug\OpenMeshCore.pdb”中寻找)；正在链接对象，如同没有调试信息一样
OpenMeshCored.lib(OFFReader.obj) : warning LNK4099: 未找到 PDB“OpenMeshCore.pdb”(使用“OpenMeshCored.lib(OFFReader.obj)”或在“E:\GitHub\proj\opengl-objLoader\大作业 粒子系统\pouring water\ConsoleApplication1\Debug\OpenMeshCore.pdb”中寻找)；正在链接对象，如同没有调试信息一样
OpenMeshCored.lib(OMReader.obj) : warning LNK4099: 未找到 PDB“OpenMeshCore.pdb”(使用“OpenMeshCored.lib(OMReader.obj)”或在“E:\GitHub\proj\opengl-objLoader\大作业 粒子系统\pouring water\ConsoleApplication1\Debug\OpenMeshCore.pdb”中寻找)；正在链接对象，如同没有调试信息一样
OpenMeshCored.lib(PLYReader.obj) : warning LNK4099: 未找到 PDB“OpenMeshCore.pdb”(使用“OpenMeshCored.lib(PLYReader.obj)”或在“E:\GitHub\proj\opengl-objLoader\大作业 粒子系统\pouring water\ConsoleApplication1\Debug\OpenMeshCore.pdb”中寻找)；正在链接对象，如同没有调试信息一样
OpenMeshCored.lib(STLReader.obj) : warning LNK4099: 未找到 PDB“OpenMeshCore.pdb”(使用“OpenMeshCored.lib(STLReader.obj)”或在“E:\GitHub\proj\opengl-objLoader\大作业 粒子系统\pouring water\ConsoleApplication1\Debug\OpenMeshCore.pdb”中寻找)；正在链接对象，如同没有调试信息一样
OpenMeshCored.lib(BaseWriter.obj) : warning LNK4099: 未找到 PDB“OpenMeshCore.pdb”(使用“OpenMeshCored.lib(BaseWriter.obj)”或在“E:\GitHub\proj\opengl-objLoader\大作业 粒子系统\pouring water\ConsoleApplication1\Debug\OpenMeshCore.pdb”中寻找)；正在链接对象，如同没有调试信息一样
OpenMeshCored.lib(OBJWriter.obj) : warning LNK4099: 未找到 PDB“OpenMeshCore.pdb”(使用“OpenMeshCored.lib(OBJWriter.obj)”或在“E:\GitHub\proj\opengl-objLoader\大作业 粒子系统\pouring water\ConsoleApplication1\Debug\OpenMeshCore.pdb”中寻找)；正在链接对象，如同没有调试信息一样
OpenMeshCored.lib(OFFWriter.obj) : warning LNK4099: 未找到 PDB“OpenMeshCore.pdb”(使用“OpenMeshCored.lib(OFFWriter.obj)”或在“E:\GitHub\proj\opengl-objLoader\大作业 粒子系统\pouring water\ConsoleApplication1\Debug\OpenMeshCore.pdb”中寻找)；正在链接对象，如同没有调试信息一样
OpenMeshCored.lib(OMWriter.obj) : warning LNK4099: 未找到 PDB“OpenMeshCore.pdb”(使用“OpenMeshCored.lib(OMWriter.obj)”或在“E:\GitHub\proj\opengl-objLoader\大作业 粒子系统\pouring water\ConsoleApplication1\Debug\OpenMeshCore.pdb”中寻找)；正在链接对象，如同没有调试信息一样
OpenMeshCored.lib(PLYWriter.obj) : warning LNK4099: 未找到 PDB“OpenMeshCore.pdb”(使用“OpenMeshCored.lib(PLYWriter.obj)”或在“E:\GitHub\proj\opengl-objLoader\大作业 粒子系统\pouring water\ConsoleApplication1\Debug\OpenMeshCore.pdb”中寻找)；正在链接对象，如同没有调试信息一样
OpenMeshCored.lib(STLWriter.obj) : warning LNK4099: 未找到 PDB“OpenMeshCore.pdb”(使用“OpenMeshCored.lib(STLWriter.obj)”或在“E:\GitHub\proj\opengl-objLoader\大作业 粒子系统\pouring water\ConsoleApplication1\Debug\OpenMeshCore.pdb”中寻找)；正在链接对象，如同没有调试信息一样
OpenMeshCored.lib(ArrayKernel.obj) : warning LNK4099: 未找到 PDB“OpenMeshCore.pdb”(使用“OpenMeshCored.lib(ArrayKernel.obj)”或在“E:\GitHub\proj\opengl-objLoader\大作业 粒子系统\pouring water\ConsoleApplication1\Debug\OpenMeshCore.pdb”中寻找)；正在链接对象，如同没有调试信息一样
OpenMeshCored.lib(omstream.obj) : warning LNK4099: 未找到 PDB“OpenMeshCore.pdb”(使用“OpenMeshCored.lib(omstream.obj)”或在“E:\GitHub\proj\opengl-objLoader\大作业 粒子系统\pouring water\ConsoleApplication1\Debug\OpenMeshCore.pdb”中寻找)；正在链接对象，如同没有调试信息一样
OpenMeshCored.lib(BaseProperty.obj) : warning LNK4099: 未找到 PDB“OpenMeshCore.pdb”(使用“OpenMeshCored.lib(BaseProperty.obj)”或在“E:\GitHub\proj\opengl-objLoader\大作业 粒子系统\pouring water\ConsoleApplication1\Debug\OpenMeshCore.pdb”中寻找)；正在链接对象，如同没有调试信息一样
OpenMeshCored.lib(Endian.obj) : warning LNK4099: 未找到 PDB“OpenMeshCore.pdb”(使用“OpenMeshCored.lib(Endian.obj)”或在“E:\GitHub\proj\opengl-objLoader\大作业 粒子系统\pouring water\ConsoleApplication1\Debug\OpenMeshCore.pdb”中寻找)；正在链接对象，如同没有调试信息一样
  ConsoleApplication1.vcxproj -> E:\GitHub\proj\opengl-objLoader\大作业 粒子系统\pouring water\ConsoleApplication1\Debug\ConsoleApplication1.exe
  ConsoleApplication1.vcxproj -> E:\GitHub\proj\opengl-objLoader\大作业 粒子系统\pouring water\ConsoleApplication1\Debug\ConsoleApplication1.pdb (Full PDB)
